2019-11-29 17:28:42.519 parsl:592 Rank:0 [INFO]  Python version: 3.5.2 (default, Oct  8 2019, 13:06:37) 
[GCC 5.4.0 20160609]
2019-11-29 17:28:42.519 parsl:593 Rank:0 [INFO]  Debug logging: True
2019-11-29 17:28:42.519 parsl:594 Rank:0 [INFO]  Log dir: /home/mpiuser/Downloads/parallel-parsl-workflow/runinfo/011/htex_Local
2019-11-29 17:28:42.519 parsl:595 Rank:0 [INFO]  Manager ID: 5a204727f4bc
2019-11-29 17:28:42.519 parsl:596 Rank:0 [INFO]  Block ID: 0
2019-11-29 17:28:42.519 parsl:597 Rank:0 [INFO]  cores_per_worker: 1
2019-11-29 17:28:42.519 parsl:598 Rank:0 [INFO]  mem_per_worker: None
2019-11-29 17:28:42.519 parsl:599 Rank:0 [INFO]  task_url: tcp://127.0.0.1:54231
2019-11-29 17:28:42.519 parsl:600 Rank:0 [INFO]  result_url: tcp://127.0.0.1:54206
2019-11-29 17:28:42.519 parsl:601 Rank:0 [INFO]  max_workers: inf
2019-11-29 17:28:42.519 parsl:602 Rank:0 [INFO]  poll_period: 10
2019-11-29 17:28:42.519 parsl:603 Rank:0 [INFO]  Prefetch capacity: 0
2019-11-29 17:28:42.519 parsl:108 Rank:0 [INFO]  Manager started
2019-11-29 17:28:42.520 parsl:122 Rank:0 [INFO]  Manager connected
2019-11-29 17:28:42.520 parsl:148 Rank:0 [INFO]  Manager will spawn 4 workers
2019-11-29 17:28:42.540 parsl:370 Rank:0 [DEBUG]  Manager synced with workers
2019-11-29 17:28:42.541 parsl:199 Rank:0 [INFO]  [TASK PULL THREAD] starting
2019-11-29 17:28:42.541 parsl:279 Rank:0 [DEBUG]  [RESULT_PUSH_THREAD] Starting thread
2019-11-29 17:28:42.541 parsl:282 Rank:0 [DEBUG]  [RESULT_PUSH_THREAD] push poll period: 0.01
2019-11-29 17:28:42.542 parsl:315 Rank:0 [DEBUG]  [WORKER_WATCHDOG_THREAD] Starting thread
2019-11-29 17:28:42.542 parsl:385 Rank:0 [INFO]  Loop start
2019-11-29 17:28:42.544 parsl:205 Rank:0 [DEBUG]  Sending registration message: b'{"prefetch_capacity": 0, "max_capacity": 4, "os": "Linux", "python_v": "3.5.2", "dir": "/home/mpiuser/Downloads/parallel-parsl-workflow", "hostname": "kalpani-Aspire-E5-574G", "block_id": "0", "total_memory": 8225275904, "reg_time": "2019-11-29 17:28:42", "worker_count": 4, "cpu_count": 2, "parsl_v": "0.9.0"}'
2019-11-29 17:28:42.544 parsl:218 Rank:0 [DEBUG]  [TASK_PULL_THREAD] ready workers:4, pending tasks:0
2019-11-29 17:28:42.544 parsl:225 Rank:0 [DEBUG]  [TASK_PULL_THREAD] Requesting tasks: 4
2019-11-29 17:28:42.547 parsl:248 Rank:0 [DEBUG]  [TASK_PULL_THREAD] Got tasks: [1, 2, 3, 4] of 4
2019-11-29 17:28:42.547 parsl:218 Rank:0 [DEBUG]  [TASK_PULL_THREAD] ready workers:4, pending tasks:4
2019-11-29 17:28:42.547 parsl:256 Rank:0 [DEBUG]  [TASK_PULL_THREAD] No incoming tasks
2019-11-29 17:28:42.548 parsl:218 Rank:0 [DEBUG]  [TASK_PULL_THREAD] ready workers:4, pending tasks:1
2019-11-29 17:28:42.548 parsl:225 Rank:0 [DEBUG]  [TASK_PULL_THREAD] Requesting tasks: 4
2019-11-29 17:28:42.568 parsl:256 Rank:0 [DEBUG]  [TASK_PULL_THREAD] No incoming tasks
2019-11-29 17:28:42.568 parsl:218 Rank:0 [DEBUG]  [TASK_PULL_THREAD] ready workers:0, pending tasks:0
2019-11-29 17:28:42.608 parsl:256 Rank:0 [DEBUG]  [TASK_PULL_THREAD] No incoming tasks
2019-11-29 17:28:42.608 parsl:218 Rank:0 [DEBUG]  [TASK_PULL_THREAD] ready workers:0, pending tasks:0
2019-11-29 17:28:42.689 parsl:256 Rank:0 [DEBUG]  [TASK_PULL_THREAD] No incoming tasks
2019-11-29 17:28:42.689 parsl:218 Rank:0 [DEBUG]  [TASK_PULL_THREAD] ready workers:0, pending tasks:0
2019-11-29 17:28:42.849 parsl:256 Rank:0 [DEBUG]  [TASK_PULL_THREAD] No incoming tasks
2019-11-29 17:28:42.850 parsl:218 Rank:0 [DEBUG]  [TASK_PULL_THREAD] ready workers:1, pending tasks:0
2019-11-29 17:28:42.850 parsl:225 Rank:0 [DEBUG]  [TASK_PULL_THREAD] Requesting tasks: 1
2019-11-29 17:28:43.171 parsl:256 Rank:0 [DEBUG]  [TASK_PULL_THREAD] No incoming tasks
2019-11-29 17:28:43.171 parsl:218 Rank:0 [DEBUG]  [TASK_PULL_THREAD] ready workers:1, pending tasks:0
2019-11-29 17:28:43.171 parsl:225 Rank:0 [DEBUG]  [TASK_PULL_THREAD] Requesting tasks: 1
2019-11-29 17:28:43.812 parsl:256 Rank:0 [DEBUG]  [TASK_PULL_THREAD] No incoming tasks
2019-11-29 17:28:43.812 parsl:218 Rank:0 [DEBUG]  [TASK_PULL_THREAD] ready workers:1, pending tasks:0
2019-11-29 17:28:43.813 parsl:225 Rank:0 [DEBUG]  [TASK_PULL_THREAD] Requesting tasks: 1
2019-11-29 17:28:45.095 parsl:256 Rank:0 [DEBUG]  [TASK_PULL_THREAD] No incoming tasks
2019-11-29 17:28:45.096 parsl:218 Rank:0 [DEBUG]  [TASK_PULL_THREAD] ready workers:2, pending tasks:0
2019-11-29 17:28:45.096 parsl:225 Rank:0 [DEBUG]  [TASK_PULL_THREAD] Requesting tasks: 2
2019-11-29 17:28:47.659 parsl:256 Rank:0 [DEBUG]  [TASK_PULL_THREAD] No incoming tasks
2019-11-29 17:28:47.659 parsl:218 Rank:0 [DEBUG]  [TASK_PULL_THREAD] ready workers:3, pending tasks:0
2019-11-29 17:28:47.659 parsl:225 Rank:0 [DEBUG]  [TASK_PULL_THREAD] Requesting tasks: 3
2019-11-29 17:28:52.785 parsl:256 Rank:0 [DEBUG]  [TASK_PULL_THREAD] No incoming tasks
2019-11-29 17:28:52.786 parsl:218 Rank:0 [DEBUG]  [TASK_PULL_THREAD] ready workers:4, pending tasks:0
2019-11-29 17:28:52.787 parsl:225 Rank:0 [DEBUG]  [TASK_PULL_THREAD] Requesting tasks: 4
