2019-11-29 17:13:30.589 parsl.dataflow.dflow:83 [DEBUG]  Starting DataFlowKernel with config
Config(
    app_cache=True, 
    checkpoint_files=None, 
    checkpoint_mode=None, 
    checkpoint_period=None, 
    data_management_max_threads=10, 
    executors=[HighThroughputExecutor(
        address='10.0.0.1', 
        cores_per_worker=1.0, 
        heartbeat_period=30, 
        heartbeat_threshold=120, 
        interchange_port_range=(55000, 56000), 
        label='remote_htex', 
        launch_cmd='process_worker_pool.py {debug} {max_workers} -p {prefetch_capacity} -c {cores_per_worker} -m {mem_per_worker} --poll {poll_period} --task_url={task_url} --result_url={result_url} --logdir={logdir} --block_id={{block_id}} --hb_period={heartbeat_period} --hb_threshold={heartbeat_threshold} ', 
        managed=True, 
        max_workers=2, 
        mem_per_worker=None, 
        poll_period=10, 
        prefetch_capacity=0, 
        provider=AdHocProvider(
            channels=[SSHChannel(
                '10.0.0.1',
                envs={}, 
                gssapi_auth=False, 
                password=None, 
                port=22, 
                script_dir='/home/mpiuser/Downloads/parallel-parsl-workflow/', 
                skip_auth=False, 
                username='mpiuser'
            ), SSHChannel(
                '10.0.0.2',
                envs={}, 
                gssapi_auth=False, 
                password=None, 
                port=22, 
                script_dir='/home/mpiuser/Downloads/parallel-parsl-workflow/', 
                skip_auth=False, 
                username='mpiuser'
            )], 
            cmd_timeout=30, 
            move_files=None, 
            parallelism=1, 
            worker_init='\n\t\tsource /etc/profile\n\t\tsource ~/.profile\n\t\t'
        ), 
        storage_access=None, 
        suppress_failure=True, 
        worker_debug=False, 
        worker_logdir_root='/home/mpiuser/Downloads/parallel-parsl-workflow/', 
        worker_port_range=(54000, 55000), 
        worker_ports=None, 
        working_dir=None
    )], 
    initialize_logging=True, 
    lazy_errors=True, 
    max_idletime=2.0, 
    monitoring=None, 
    retries=0, 
    run_dir='runinfo', 
    strategy=None, 
    usage_tracking=False
)
2019-11-29 17:13:30.590 parsl.dataflow.dflow:84 [INFO]  Parsl version: 0.9.0
2019-11-29 17:13:30.590 parsl.dataflow.usage_tracking.usage:126 [DEBUG]  Tracking status: False
2019-11-29 17:13:30.590 parsl.dataflow.usage_tracking.usage:127 [DEBUG]  Testing mode   : False
2019-11-29 17:13:30.590 parsl.dataflow.dflow:110 [INFO]  Run id is: 4921c169-1c4f-49e8-a857-a06014044d90
2019-11-29 17:13:30.664 parsl.dataflow.memoization:52 [INFO]  App caching initialized
2019-11-29 17:13:30.664 parsl.dataflow.dflow:824 [DEBUG]  Creating script_dir across multiple channels
2019-11-29 17:13:30.825 parsl.executors.high_throughput.executor:453 [DEBUG]  Starting queue management thread
2019-11-29 17:13:30.830 parsl.executors.high_throughput.executor:326 [DEBUG]  [MTHREAD] queue management worker starting
2019-11-29 17:13:30.831 parsl.executors.high_throughput.executor:457 [DEBUG]  Started queue management thread
2019-11-29 17:13:30.873 parsl.executors.high_throughput.executor:289 [DEBUG]  Created management thread: <Thread(HTEX-Queue-Management-Thread, started daemon 139857842116352)>
2019-11-29 17:13:30.873 parsl.executors.high_throughput.executor:263 [DEBUG]  Launch command: process_worker_pool.py  --max_workers=2 -p 0 -c 1.0 -m None --poll 10 --task_url=tcp://10.0.0.1:54893 --result_url=tcp://10.0.0.1:54097 --logdir=/home/mpiuser/Downloads/parallel-parsl-workflow//remote_htex --block_id={block_id} --hb_period=30 --hb_threshold=120 
2019-11-29 17:13:30.873 parsl.executors.high_throughput.executor:266 [DEBUG]  Starting HighThroughputExecutor with provider:
AdHocProvider(
    channels=[SSHChannel(
        '10.0.0.1',
        envs={}, 
        gssapi_auth=False, 
        password=None, 
        port=22, 
        script_dir='/home/mpiuser/Downloads/parallel-parsl-workflow/', 
        skip_auth=False, 
        username='mpiuser'
    ), SSHChannel(
        '10.0.0.2',
        envs={}, 
        gssapi_auth=False, 
        password=None, 
        port=22, 
        script_dir='/home/mpiuser/Downloads/parallel-parsl-workflow/', 
        skip_auth=False, 
        username='mpiuser'
    )], 
    cmd_timeout=30, 
    move_files=None, 
    parallelism=1, 
    worker_init='\n\t\tsource /etc/profile\n\t\tsource ~/.profile\n\t\t'
)
2019-11-29 17:13:30.876 parsl.providers.ad_hoc.ad_hoc:119 [DEBUG]  Channel_counts : {SSHChannel(
    '10.0.0.2',
    envs={}, 
    gssapi_auth=False, 
    password=None, 
    port=22, 
    script_dir='/home/mpiuser/Downloads/parallel-parsl-workflow/', 
    skip_auth=False, 
    username='mpiuser'
): 0, SSHChannel(
    '10.0.0.1',
    envs={}, 
    gssapi_auth=False, 
    password=None, 
    port=22, 
    script_dir='/home/mpiuser/Downloads/parallel-parsl-workflow/', 
    skip_auth=False, 
    username='mpiuser'
): 0}
2019-11-29 17:13:30.876 parsl.providers.ad_hoc.ad_hoc:174 [DEBUG]  Pushing start script
2019-11-29 17:13:31.109 parsl.executors.high_throughput.executor:569 [DEBUG]  Launched block 0->2270
2019-11-29 17:13:31.111 parsl.providers.ad_hoc.ad_hoc:174 [DEBUG]  Pushing start script
2019-11-29 17:13:31.198 parsl.executors.high_throughput.executor:569 [DEBUG]  Launched block 1->22688
2019-11-29 17:13:31.199 parsl.dataflow.strategy:125 [DEBUG]  Scaling strategy: None
2019-11-29 17:13:31.206 parsl.dataflow.dflow:484 [DEBUG]  Adding output dependencies
2019-11-29 17:13:31.206 parsl.dataflow.dflow:708 [INFO]  Task 0 submitted for App generate, waiting on tasks []
2019-11-29 17:13:31.207 parsl.dataflow.dflow:714 [DEBUG]  Task 0 set to pending state with AppFuture: <AppFuture super=<AppFuture at 0x7f333c8cbd30 state=pending>>
2019-11-29 17:13:31.207 parsl.executors.high_throughput.executor:537 [DEBUG]  Pushing function <function generate at 0x7f333c852620> to queue with args (10, 0)
2019-11-29 17:13:31.411 parsl.dataflow.dflow:452 [INFO]  Task 0 launched on executor remote_htex
2019-11-29 17:13:31.411 parsl.dataflow.dflow:484 [DEBUG]  Adding output dependencies
2019-11-29 17:13:31.411 parsl.dataflow.dflow:708 [INFO]  Task 1 submitted for App generate, waiting on tasks []
2019-11-29 17:13:31.411 parsl.dataflow.dflow:714 [DEBUG]  Task 1 set to pending state with AppFuture: <AppFuture super=<AppFuture at 0x7f3342b326a0 state=pending>>
2019-11-29 17:13:31.411 parsl.executors.high_throughput.executor:537 [DEBUG]  Pushing function <function generate at 0x7f333c852620> to queue with args (10, 1)
2019-11-29 17:13:31.412 parsl.dataflow.dflow:452 [INFO]  Task 1 launched on executor remote_htex
2019-11-29 17:13:31.412 parsl.dataflow.dflow:484 [DEBUG]  Adding output dependencies
2019-11-29 17:13:31.412 parsl.dataflow.dflow:708 [INFO]  Task 2 submitted for App generate, waiting on tasks []
2019-11-29 17:13:31.412 parsl.dataflow.dflow:714 [DEBUG]  Task 2 set to pending state with AppFuture: <AppFuture super=<AppFuture at 0x7f333c853390 state=pending>>
2019-11-29 17:13:31.412 parsl.executors.high_throughput.executor:537 [DEBUG]  Pushing function <function generate at 0x7f333c852620> to queue with args (10, 2)
2019-11-29 17:13:31.412 parsl.dataflow.dflow:452 [INFO]  Task 2 launched on executor remote_htex
2019-11-29 17:13:31.412 parsl.dataflow.dflow:484 [DEBUG]  Adding output dependencies
2019-11-29 17:13:31.413 parsl.dataflow.dflow:708 [INFO]  Task 3 submitted for App generate, waiting on tasks []
2019-11-29 17:13:31.413 parsl.dataflow.dflow:714 [DEBUG]  Task 3 set to pending state with AppFuture: <AppFuture super=<AppFuture at 0x7f330c90f940 state=pending>>
2019-11-29 17:13:31.413 parsl.executors.high_throughput.executor:537 [DEBUG]  Pushing function <function generate at 0x7f333c852620> to queue with args (10, 3)
2019-11-29 17:13:31.413 parsl.dataflow.dflow:452 [INFO]  Task 3 launched on executor remote_htex
2019-11-29 17:13:31.413 parsl.dataflow.dflow:484 [DEBUG]  Adding output dependencies
2019-11-29 17:13:31.413 parsl.dataflow.dflow:708 [INFO]  Task 4 submitted for App generate, waiting on tasks []
2019-11-29 17:13:31.413 parsl.dataflow.dflow:714 [DEBUG]  Task 4 set to pending state with AppFuture: <AppFuture super=<AppFuture at 0x7f330c8fcc18 state=pending>>
2019-11-29 17:13:31.413 parsl.executors.high_throughput.executor:537 [DEBUG]  Pushing function <function generate at 0x7f333c852620> to queue with args (10, 4)
2019-11-29 17:13:31.414 parsl.dataflow.dflow:452 [INFO]  Task 4 launched on executor remote_htex
2019-11-29 17:13:31.414 parsl.dataflow.dflow:484 [DEBUG]  Adding output dependencies
2019-11-29 17:13:31.414 parsl.dataflow.dflow:708 [INFO]  Task 5 submitted for App generate, waiting on tasks []
2019-11-29 17:13:31.414 parsl.dataflow.dflow:714 [DEBUG]  Task 5 set to pending state with AppFuture: <AppFuture super=<AppFuture at 0x7f330c8fcd30 state=pending>>
2019-11-29 17:13:31.414 parsl.executors.high_throughput.executor:537 [DEBUG]  Pushing function <function generate at 0x7f333c852620> to queue with args (10, 5)
2019-11-29 17:13:31.414 parsl.dataflow.dflow:452 [INFO]  Task 5 launched on executor remote_htex
2019-11-29 17:13:31.414 parsl.dataflow.dflow:484 [DEBUG]  Adding output dependencies
2019-11-29 17:13:31.415 parsl.dataflow.dflow:708 [INFO]  Task 6 submitted for App generate, waiting on tasks []
2019-11-29 17:13:31.415 parsl.dataflow.dflow:714 [DEBUG]  Task 6 set to pending state with AppFuture: <AppFuture super=<AppFuture at 0x7f330c8fce48 state=pending>>
2019-11-29 17:13:31.415 parsl.executors.high_throughput.executor:537 [DEBUG]  Pushing function <function generate at 0x7f333c852620> to queue with args (10, 6)
2019-11-29 17:13:31.415 parsl.dataflow.dflow:452 [INFO]  Task 6 launched on executor remote_htex
2019-11-29 17:13:31.415 parsl.dataflow.dflow:484 [DEBUG]  Adding output dependencies
2019-11-29 17:13:31.415 parsl.dataflow.dflow:708 [INFO]  Task 7 submitted for App generate, waiting on tasks []
2019-11-29 17:13:31.415 parsl.dataflow.dflow:714 [DEBUG]  Task 7 set to pending state with AppFuture: <AppFuture super=<AppFuture at 0x7f330c8fcf60 state=pending>>
2019-11-29 17:13:31.415 parsl.executors.high_throughput.executor:537 [DEBUG]  Pushing function <function generate at 0x7f333c852620> to queue with args (10, 7)
2019-11-29 17:13:31.415 parsl.dataflow.dflow:452 [INFO]  Task 7 launched on executor remote_htex
2019-11-29 17:13:31.416 parsl.dataflow.dflow:484 [DEBUG]  Adding output dependencies
2019-11-29 17:13:31.416 parsl.dataflow.dflow:708 [INFO]  Task 8 submitted for App generate, waiting on tasks []
2019-11-29 17:13:31.416 parsl.dataflow.dflow:714 [DEBUG]  Task 8 set to pending state with AppFuture: <AppFuture super=<AppFuture at 0x7f330c8890b8 state=pending>>
2019-11-29 17:13:31.416 parsl.executors.high_throughput.executor:537 [DEBUG]  Pushing function <function generate at 0x7f333c852620> to queue with args (10, 8)
2019-11-29 17:13:31.416 parsl.dataflow.dflow:452 [INFO]  Task 8 launched on executor remote_htex
2019-11-29 17:13:31.416 parsl.dataflow.dflow:484 [DEBUG]  Adding output dependencies
2019-11-29 17:13:31.416 parsl.dataflow.dflow:708 [INFO]  Task 9 submitted for App generate, waiting on tasks []
2019-11-29 17:13:31.416 parsl.dataflow.dflow:714 [DEBUG]  Task 9 set to pending state with AppFuture: <AppFuture super=<AppFuture at 0x7f330c8891d0 state=pending>>
2019-11-29 17:13:31.416 parsl.executors.high_throughput.executor:537 [DEBUG]  Pushing function <function generate at 0x7f333c852620> to queue with args (10, 9)
2019-11-29 17:13:31.417 parsl.dataflow.dflow:452 [INFO]  Task 9 launched on executor remote_htex
2019-11-29 17:13:32.369 parsl.dataflow.dflow:288 [INFO]  Task 0 completed
2019-11-29 17:13:33.386 parsl.dataflow.dflow:288 [INFO]  Task 1 completed
2019-11-29 17:13:34.499 parsl.dataflow.dflow:288 [INFO]  Task 2 completed
2019-11-29 17:13:36.772 parsl.dataflow.dflow:288 [INFO]  Task 3 completed
2019-11-29 17:13:39.042 parsl.dataflow.dflow:288 [INFO]  Task 4 completed
2019-11-29 17:13:43.360 parsl.dataflow.dflow:288 [INFO]  Task 6 completed
2019-11-29 17:13:43.361 parsl.dataflow.dflow:288 [INFO]  Task 5 completed
2019-11-29 17:13:44.596 parsl.dataflow.dflow:288 [INFO]  Task 7 completed
2019-11-29 17:13:48.147 parsl.dataflow.dflow:288 [INFO]  Task 8 completed
2019-11-29 17:13:54.264 parsl.dataflow.dflow:288 [INFO]  Task 9 completed
2019-11-29 17:13:54.266 parsl.dataflow.dflow:864 [INFO]  DFK cleanup initiated
2019-11-29 17:13:54.267 parsl.dataflow.dflow:750 [INFO]  Summary of tasks in DFK:
2019-11-29 17:13:54.267 parsl.dataflow.dflow:781 [INFO]  Tasks in state States.done: 0, 1, 2, 3, 4, 5, 6, 7, 8, 9
2019-11-29 17:13:54.268 parsl.dataflow.dflow:788 [INFO]  End of summary
2019-11-29 17:13:54.269 parsl.dataflow.dflow:888 [INFO]  Terminating flow_control and strategy threads
2019-11-29 17:13:54.270 parsl.executors.threads:96 [DEBUG]  Done with executor shutdown
2019-11-29 17:13:54.274 parsl.executors.high_throughput.executor:507 [DEBUG]  [HOLD_BLOCK]: Sending hold to manager: e9fd9ba78353
2019-11-29 17:13:54.278 parsl.executors.high_throughput.executor:475 [DEBUG]  Sent hold request to worker: e9fd9ba78353
2019-11-29 17:13:54.281 parsl.executors.high_throughput.executor:507 [DEBUG]  [HOLD_BLOCK]: Sending hold to manager: daa4dc544b60
2019-11-29 17:13:54.283 parsl.executors.high_throughput.executor:475 [DEBUG]  Sent hold request to worker: daa4dc544b60
2019-11-29 17:13:54.283 parsl.providers.ad_hoc.ad_hoc:238 [DEBUG]  Cancelling jobs: ['2270', '22688']
2019-11-29 17:13:54.344 parsl.executors.high_throughput.executor:634 [INFO]  Attempting HighThroughputExecutor shutdown
2019-11-29 17:13:54.345 parsl.executors.high_throughput.executor:638 [INFO]  Finished HighThroughputExecutor shutdown attempt
2019-11-29 17:13:54.345 parsl.dataflow.dflow:920 [INFO]  DFK cleanup complete
