2019-11-26 17:39:14.785 parsl.dataflow.dflow:83 [DEBUG]  Starting DataFlowKernel with config
Config(
    app_cache=True, 
    checkpoint_files=None, 
    checkpoint_mode=None, 
    checkpoint_period=None, 
    data_management_max_threads=10, 
    executors=[HighThroughputExecutor(
        address='127.0.0.1', 
        cores_per_worker=1.0, 
        heartbeat_period=30, 
        heartbeat_threshold=120, 
        interchange_port_range=(55000, 56000), 
        label='remote_htex', 
        launch_cmd='process_worker_pool.py {debug} {max_workers} -p {prefetch_capacity} -c {cores_per_worker} -m {mem_per_worker} --poll {poll_period} --task_url={task_url} --result_url={result_url} --logdir={logdir} --block_id={{block_id}} --hb_period={heartbeat_period} --hb_threshold={heartbeat_threshold} ', 
        managed=True, 
        max_workers=2, 
        mem_per_worker=None, 
        poll_period=10, 
        prefetch_capacity=0, 
        provider=AdHocProvider(
            channels=[SSHChannel(
                '10.0.0.2',
                envs={}, 
                gssapi_auth=False, 
                password=None, 
                port=22, 
                script_dir='/home/mpiuser/Downloads/TravellingSalesmanProblem-master/PSO-GA/', 
                skip_auth=False, 
                username='mpiuser'
            )], 
            cmd_timeout=30, 
            move_files=None, 
            parallelism=1, 
            worker_init=''
        ), 
        storage_access=None, 
        suppress_failure=True, 
        worker_debug=False, 
        worker_logdir_root='/home/mpiuser/Downloads/TravellingSalesmanProblem-master/PSO-GA/', 
        worker_port_range=(54000, 55000), 
        worker_ports=None, 
        working_dir=None
    )], 
    initialize_logging=True, 
    lazy_errors=True, 
    max_idletime=2.0, 
    monitoring=None, 
    retries=0, 
    run_dir='runinfo', 
    strategy=None, 
    usage_tracking=False
)
2019-11-26 17:39:14.785 parsl.dataflow.dflow:84 [INFO]  Parsl version: 0.9.0
2019-11-26 17:39:14.786 parsl.dataflow.usage_tracking.usage:126 [DEBUG]  Tracking status: False
2019-11-26 17:39:14.786 parsl.dataflow.usage_tracking.usage:127 [DEBUG]  Testing mode   : False
2019-11-26 17:39:14.786 parsl.dataflow.dflow:110 [INFO]  Run id is: a17897fa-dcfe-463f-902e-6564e4a43e0f
2019-11-26 17:39:14.875 parsl.dataflow.memoization:52 [INFO]  App caching initialized
2019-11-26 17:39:14.875 parsl.dataflow.dflow:824 [DEBUG]  Creating script_dir across multiple channels
2019-11-26 17:39:14.958 parsl.executors.high_throughput.executor:453 [DEBUG]  Starting queue management thread
2019-11-26 17:39:14.959 parsl.executors.high_throughput.executor:326 [DEBUG]  [MTHREAD] queue management worker starting
2019-11-26 17:39:14.959 parsl.executors.high_throughput.executor:457 [DEBUG]  Started queue management thread
2019-11-26 17:39:15.002 parsl.executors.high_throughput.executor:289 [DEBUG]  Created management thread: <Thread(HTEX-Queue-Management-Thread, started daemon 140339096565504)>
2019-11-26 17:39:15.003 parsl.executors.high_throughput.executor:263 [DEBUG]  Launch command: process_worker_pool.py  --max_workers=2 -p 0 -c 1.0 -m None --poll 10 --task_url=tcp://127.0.0.1:54143 --result_url=tcp://127.0.0.1:54172 --logdir=/home/mpiuser/Downloads/TravellingSalesmanProblem-master/PSO-GA//remote_htex --block_id={block_id} --hb_period=30 --hb_threshold=120 
2019-11-26 17:39:15.003 parsl.executors.high_throughput.executor:266 [DEBUG]  Starting HighThroughputExecutor with provider:
AdHocProvider(
    channels=[SSHChannel(
        '10.0.0.2',
        envs={}, 
        gssapi_auth=False, 
        password=None, 
        port=22, 
        script_dir='/home/mpiuser/Downloads/TravellingSalesmanProblem-master/PSO-GA/', 
        skip_auth=False, 
        username='mpiuser'
    )], 
    cmd_timeout=30, 
    move_files=None, 
    parallelism=1, 
    worker_init=''
)
2019-11-26 17:39:15.008 parsl.providers.ad_hoc.ad_hoc:119 [DEBUG]  Channel_counts : {SSHChannel(
    '10.0.0.2',
    envs={}, 
    gssapi_auth=False, 
    password=None, 
    port=22, 
    script_dir='/home/mpiuser/Downloads/TravellingSalesmanProblem-master/PSO-GA/', 
    skip_auth=False, 
    username='mpiuser'
): 0}
2019-11-26 17:39:15.009 parsl.providers.ad_hoc.ad_hoc:174 [DEBUG]  Pushing start script
2019-11-26 17:39:15.202 parsl.executors.high_throughput.executor:569 [DEBUG]  Launched block 0->5181
2019-11-26 17:39:15.203 parsl.dataflow.strategy:125 [DEBUG]  Scaling strategy: None
2019-11-26 17:39:15.211 parsl.dataflow.dflow:484 [DEBUG]  Adding output dependencies
2019-11-26 17:39:15.211 parsl.dataflow.dflow:708 [INFO]  Task 0 submitted for App generate, waiting on tasks []
2019-11-26 17:39:15.212 parsl.dataflow.dflow:714 [DEBUG]  Task 0 set to pending state with AppFuture: <AppFuture super=<AppFuture at 0x7fa3490ab518 state=pending>>
2019-11-26 17:39:15.212 parsl.executors.high_throughput.executor:537 [DEBUG]  Pushing function <function generate at 0x7fa349037f28> to queue with args (10, 0)
2019-11-26 17:39:15.383 parsl.dataflow.dflow:452 [INFO]  Task 0 launched on executor remote_htex
2019-11-26 17:39:15.383 parsl.dataflow.dflow:484 [DEBUG]  Adding output dependencies
2019-11-26 17:39:15.383 parsl.dataflow.dflow:708 [INFO]  Task 1 submitted for App generate, waiting on tasks []
2019-11-26 17:39:15.383 parsl.dataflow.dflow:714 [DEBUG]  Task 1 set to pending state with AppFuture: <AppFuture super=<AppFuture at 0x7fa349042d30 state=pending>>
2019-11-26 17:39:15.384 parsl.executors.high_throughput.executor:537 [DEBUG]  Pushing function <function generate at 0x7fa349037f28> to queue with args (10, 1)
2019-11-26 17:39:15.384 parsl.dataflow.dflow:452 [INFO]  Task 1 launched on executor remote_htex
2019-11-26 17:39:15.384 parsl.dataflow.dflow:484 [DEBUG]  Adding output dependencies
2019-11-26 17:39:15.384 parsl.dataflow.dflow:708 [INFO]  Task 2 submitted for App generate, waiting on tasks []
2019-11-26 17:39:15.384 parsl.dataflow.dflow:714 [DEBUG]  Task 2 set to pending state with AppFuture: <AppFuture super=<AppFuture at 0x7fa349042f98 state=pending>>
2019-11-26 17:39:15.384 parsl.executors.high_throughput.executor:537 [DEBUG]  Pushing function <function generate at 0x7fa349037f28> to queue with args (10, 2)
2019-11-26 17:39:15.384 parsl.dataflow.dflow:452 [INFO]  Task 2 launched on executor remote_htex
2019-11-26 17:39:15.384 parsl.dataflow.dflow:484 [DEBUG]  Adding output dependencies
2019-11-26 17:39:15.385 parsl.dataflow.dflow:708 [INFO]  Task 3 submitted for App generate, waiting on tasks []
2019-11-26 17:39:15.385 parsl.dataflow.dflow:714 [DEBUG]  Task 3 set to pending state with AppFuture: <AppFuture super=<AppFuture at 0x7fa31d8b8898 state=pending>>
2019-11-26 17:39:15.385 parsl.executors.high_throughput.executor:537 [DEBUG]  Pushing function <function generate at 0x7fa349037f28> to queue with args (10, 3)
2019-11-26 17:39:15.385 parsl.dataflow.dflow:452 [INFO]  Task 3 launched on executor remote_htex
2019-11-26 17:39:15.385 parsl.dataflow.dflow:484 [DEBUG]  Adding output dependencies
2019-11-26 17:39:15.385 parsl.dataflow.dflow:708 [INFO]  Task 4 submitted for App generate, waiting on tasks []
2019-11-26 17:39:15.385 parsl.dataflow.dflow:714 [DEBUG]  Task 4 set to pending state with AppFuture: <AppFuture super=<AppFuture at 0x7fa31d89cb70 state=pending>>
2019-11-26 17:39:15.385 parsl.executors.high_throughput.executor:537 [DEBUG]  Pushing function <function generate at 0x7fa349037f28> to queue with args (10, 4)
2019-11-26 17:39:15.385 parsl.dataflow.dflow:452 [INFO]  Task 4 launched on executor remote_htex
2019-11-26 17:39:15.386 parsl.dataflow.dflow:484 [DEBUG]  Adding output dependencies
2019-11-26 17:39:15.386 parsl.dataflow.dflow:708 [INFO]  Task 5 submitted for App generate, waiting on tasks []
2019-11-26 17:39:15.386 parsl.dataflow.dflow:714 [DEBUG]  Task 5 set to pending state with AppFuture: <AppFuture super=<AppFuture at 0x7fa31d89cc88 state=pending>>
2019-11-26 17:39:15.386 parsl.executors.high_throughput.executor:537 [DEBUG]  Pushing function <function generate at 0x7fa349037f28> to queue with args (10, 5)
2019-11-26 17:39:15.386 parsl.dataflow.dflow:452 [INFO]  Task 5 launched on executor remote_htex
2019-11-26 17:39:15.386 parsl.dataflow.dflow:484 [DEBUG]  Adding output dependencies
2019-11-26 17:39:15.386 parsl.dataflow.dflow:708 [INFO]  Task 6 submitted for App generate, waiting on tasks []
2019-11-26 17:39:15.386 parsl.dataflow.dflow:714 [DEBUG]  Task 6 set to pending state with AppFuture: <AppFuture super=<AppFuture at 0x7fa31d89cda0 state=pending>>
2019-11-26 17:39:15.386 parsl.executors.high_throughput.executor:537 [DEBUG]  Pushing function <function generate at 0x7fa349037f28> to queue with args (10, 6)
2019-11-26 17:39:15.386 parsl.dataflow.dflow:452 [INFO]  Task 6 launched on executor remote_htex
2019-11-26 17:39:15.387 parsl.dataflow.dflow:484 [DEBUG]  Adding output dependencies
2019-11-26 17:39:15.387 parsl.dataflow.dflow:708 [INFO]  Task 7 submitted for App generate, waiting on tasks []
2019-11-26 17:39:15.387 parsl.dataflow.dflow:714 [DEBUG]  Task 7 set to pending state with AppFuture: <AppFuture super=<AppFuture at 0x7fa31d89ceb8 state=pending>>
2019-11-26 17:39:15.387 parsl.executors.high_throughput.executor:537 [DEBUG]  Pushing function <function generate at 0x7fa349037f28> to queue with args (10, 7)
2019-11-26 17:39:15.387 parsl.dataflow.dflow:452 [INFO]  Task 7 launched on executor remote_htex
2019-11-26 17:39:15.387 parsl.dataflow.dflow:484 [DEBUG]  Adding output dependencies
2019-11-26 17:39:15.387 parsl.dataflow.dflow:708 [INFO]  Task 8 submitted for App generate, waiting on tasks []
2019-11-26 17:39:15.387 parsl.dataflow.dflow:714 [DEBUG]  Task 8 set to pending state with AppFuture: <AppFuture super=<AppFuture at 0x7fa31d89cfd0 state=pending>>
2019-11-26 17:39:15.387 parsl.executors.high_throughput.executor:537 [DEBUG]  Pushing function <function generate at 0x7fa349037f28> to queue with args (10, 8)
2019-11-26 17:39:15.388 parsl.dataflow.dflow:452 [INFO]  Task 8 launched on executor remote_htex
2019-11-26 17:39:15.388 parsl.dataflow.dflow:484 [DEBUG]  Adding output dependencies
2019-11-26 17:39:15.388 parsl.dataflow.dflow:708 [INFO]  Task 9 submitted for App generate, waiting on tasks []
2019-11-26 17:39:15.388 parsl.dataflow.dflow:714 [DEBUG]  Task 9 set to pending state with AppFuture: <AppFuture super=<AppFuture at 0x7fa31d829128 state=pending>>
2019-11-26 17:39:15.388 parsl.executors.high_throughput.executor:537 [DEBUG]  Pushing function <function generate at 0x7fa349037f28> to queue with args (10, 9)
2019-11-26 17:39:15.388 parsl.dataflow.dflow:452 [INFO]  Task 9 launched on executor remote_htex
