2019-12-02 13:11:03.996 parsl:592 Rank:0 [INFO]  Python version: 3.5.2 (default, Oct  8 2019, 13:06:37) 
[GCC 5.4.0 20160609]
2019-12-02 13:11:03.996 parsl:593 Rank:0 [INFO]  Debug logging: True
2019-12-02 13:11:03.996 parsl:594 Rank:0 [INFO]  Log dir: /home/mpiuser/Downloads/parallel-parsl-workflow/runinfo/012/htex_Local
2019-12-02 13:11:03.996 parsl:595 Rank:0 [INFO]  Manager ID: ff71cae6e614
2019-12-02 13:11:03.996 parsl:596 Rank:0 [INFO]  Block ID: 0
2019-12-02 13:11:03.996 parsl:597 Rank:0 [INFO]  cores_per_worker: 1
2019-12-02 13:11:03.996 parsl:598 Rank:0 [INFO]  mem_per_worker: None
2019-12-02 13:11:03.996 parsl:599 Rank:0 [INFO]  task_url: tcp://127.0.0.1:54384
2019-12-02 13:11:03.996 parsl:600 Rank:0 [INFO]  result_url: tcp://127.0.0.1:54647
2019-12-02 13:11:03.996 parsl:601 Rank:0 [INFO]  max_workers: inf
2019-12-02 13:11:03.996 parsl:602 Rank:0 [INFO]  poll_period: 10
2019-12-02 13:11:03.996 parsl:603 Rank:0 [INFO]  Prefetch capacity: 0
2019-12-02 13:11:03.996 parsl:108 Rank:0 [INFO]  Manager started
2019-12-02 13:11:03.997 parsl:122 Rank:0 [INFO]  Manager connected
2019-12-02 13:11:03.998 parsl:148 Rank:0 [INFO]  Manager will spawn 4 workers
2019-12-02 13:11:04.032 parsl:370 Rank:0 [DEBUG]  Manager synced with workers
2019-12-02 13:11:04.033 parsl:199 Rank:0 [INFO]  [TASK PULL THREAD] starting
2019-12-02 13:11:04.035 parsl:205 Rank:0 [DEBUG]  Sending registration message: b'{"max_capacity": 4, "parsl_v": "0.9.0", "prefetch_capacity": 0, "reg_time": "2019-12-02 13:11:04", "hostname": "kalpani-Aspire-E5-574G", "dir": "/home/mpiuser/Downloads/parallel-parsl-workflow", "total_memory": 8225275904, "worker_count": 4, "os": "Linux", "block_id": "0", "cpu_count": 2, "python_v": "3.5.2"}'
2019-12-02 13:11:04.035 parsl:218 Rank:0 [DEBUG]  [TASK_PULL_THREAD] ready workers:1, pending tasks:0
2019-12-02 13:11:04.035 parsl:225 Rank:0 [DEBUG]  [TASK_PULL_THREAD] Requesting tasks: 1
2019-12-02 13:11:04.038 parsl:279 Rank:0 [DEBUG]  [RESULT_PUSH_THREAD] Starting thread
2019-12-02 13:11:04.039 parsl:282 Rank:0 [DEBUG]  [RESULT_PUSH_THREAD] push poll period: 0.01
2019-12-02 13:11:04.039 parsl:315 Rank:0 [DEBUG]  [WORKER_WATCHDOG_THREAD] Starting thread
2019-12-02 13:11:04.039 parsl:385 Rank:0 [INFO]  Loop start
2019-12-02 13:11:04.046 parsl:256 Rank:0 [DEBUG]  [TASK_PULL_THREAD] No incoming tasks
2019-12-02 13:11:04.046 parsl:218 Rank:0 [DEBUG]  [TASK_PULL_THREAD] ready workers:4, pending tasks:0
2019-12-02 13:11:04.046 parsl:225 Rank:0 [DEBUG]  [TASK_PULL_THREAD] Requesting tasks: 4
2019-12-02 13:11:04.067 parsl:256 Rank:0 [DEBUG]  [TASK_PULL_THREAD] No incoming tasks
2019-12-02 13:11:04.068 parsl:218 Rank:0 [DEBUG]  [TASK_PULL_THREAD] ready workers:4, pending tasks:0
2019-12-02 13:11:04.068 parsl:225 Rank:0 [DEBUG]  [TASK_PULL_THREAD] Requesting tasks: 4
2019-12-02 13:11:04.109 parsl:256 Rank:0 [DEBUG]  [TASK_PULL_THREAD] No incoming tasks
2019-12-02 13:11:04.110 parsl:218 Rank:0 [DEBUG]  [TASK_PULL_THREAD] ready workers:4, pending tasks:0
2019-12-02 13:11:04.110 parsl:225 Rank:0 [DEBUG]  [TASK_PULL_THREAD] Requesting tasks: 4
2019-12-02 13:11:04.170 parsl:248 Rank:0 [DEBUG]  [TASK_PULL_THREAD] Got tasks: [1, 2] of 2
2019-12-02 13:11:04.172 parsl:218 Rank:0 [DEBUG]  [TASK_PULL_THREAD] ready workers:4, pending tasks:2
2019-12-02 13:11:04.173 parsl:225 Rank:0 [DEBUG]  [TASK_PULL_THREAD] Requesting tasks: 4
2019-12-02 13:11:04.174 parsl:256 Rank:0 [DEBUG]  [TASK_PULL_THREAD] No incoming tasks
2019-12-02 13:11:04.174 parsl:218 Rank:0 [DEBUG]  [TASK_PULL_THREAD] ready workers:4, pending tasks:2
2019-12-02 13:11:04.175 parsl:225 Rank:0 [DEBUG]  [TASK_PULL_THREAD] Requesting tasks: 4
2019-12-02 13:11:04.194 parsl:248 Rank:0 [DEBUG]  [TASK_PULL_THREAD] Got tasks: [3, 4] of 4
2019-12-02 13:11:04.195 parsl:218 Rank:0 [DEBUG]  [TASK_PULL_THREAD] ready workers:2, pending tasks:2
2019-12-02 13:11:04.196 parsl:225 Rank:0 [DEBUG]  [TASK_PULL_THREAD] Requesting tasks: 2
2019-12-02 13:11:04.202 parsl:256 Rank:0 [DEBUG]  [TASK_PULL_THREAD] No incoming tasks
2019-12-02 13:11:04.203 parsl:218 Rank:0 [DEBUG]  [TASK_PULL_THREAD] ready workers:1, pending tasks:0
2019-12-02 13:11:04.204 parsl:225 Rank:0 [DEBUG]  [TASK_PULL_THREAD] Requesting tasks: 1
2019-12-02 13:11:04.224 parsl:256 Rank:0 [DEBUG]  [TASK_PULL_THREAD] No incoming tasks
2019-12-02 13:11:04.225 parsl:218 Rank:0 [DEBUG]  [TASK_PULL_THREAD] ready workers:0, pending tasks:0
2019-12-02 13:11:04.266 parsl:256 Rank:0 [DEBUG]  [TASK_PULL_THREAD] No incoming tasks
2019-12-02 13:11:04.267 parsl:218 Rank:0 [DEBUG]  [TASK_PULL_THREAD] ready workers:0, pending tasks:0
2019-12-02 13:11:04.347 parsl:256 Rank:0 [DEBUG]  [TASK_PULL_THREAD] No incoming tasks
2019-12-02 13:11:04.348 parsl:218 Rank:0 [DEBUG]  [TASK_PULL_THREAD] ready workers:0, pending tasks:0
2019-12-02 13:11:04.508 parsl:256 Rank:0 [DEBUG]  [TASK_PULL_THREAD] No incoming tasks
2019-12-02 13:11:04.509 parsl:218 Rank:0 [DEBUG]  [TASK_PULL_THREAD] ready workers:0, pending tasks:0
2019-12-02 13:11:04.829 parsl:256 Rank:0 [DEBUG]  [TASK_PULL_THREAD] No incoming tasks
2019-12-02 13:11:04.830 parsl:218 Rank:0 [DEBUG]  [TASK_PULL_THREAD] ready workers:0, pending tasks:0
2019-12-02 13:11:05.471 parsl:256 Rank:0 [DEBUG]  [TASK_PULL_THREAD] No incoming tasks
2019-12-02 13:11:05.471 parsl:218 Rank:0 [DEBUG]  [TASK_PULL_THREAD] ready workers:1, pending tasks:0
2019-12-02 13:11:05.472 parsl:225 Rank:0 [DEBUG]  [TASK_PULL_THREAD] Requesting tasks: 1
2019-12-02 13:11:05.477 parsl:248 Rank:0 [DEBUG]  [TASK_PULL_THREAD] Got tasks: [5] of 5
2019-12-02 13:11:05.478 parsl:218 Rank:0 [DEBUG]  [TASK_PULL_THREAD] ready workers:1, pending tasks:1
2019-12-02 13:11:05.478 parsl:225 Rank:0 [DEBUG]  [TASK_PULL_THREAD] Requesting tasks: 1
2019-12-02 13:11:05.479 parsl:256 Rank:0 [DEBUG]  [TASK_PULL_THREAD] No incoming tasks
2019-12-02 13:11:05.480 parsl:218 Rank:0 [DEBUG]  [TASK_PULL_THREAD] ready workers:1, pending tasks:0
2019-12-02 13:11:05.480 parsl:225 Rank:0 [DEBUG]  [TASK_PULL_THREAD] Requesting tasks: 1
2019-12-02 13:11:05.501 parsl:256 Rank:0 [DEBUG]  [TASK_PULL_THREAD] No incoming tasks
2019-12-02 13:11:05.502 parsl:218 Rank:0 [DEBUG]  [TASK_PULL_THREAD] ready workers:0, pending tasks:0
2019-12-02 13:11:05.542 parsl:256 Rank:0 [DEBUG]  [TASK_PULL_THREAD] No incoming tasks
2019-12-02 13:11:05.543 parsl:218 Rank:0 [DEBUG]  [TASK_PULL_THREAD] ready workers:0, pending tasks:0
2019-12-02 13:11:05.624 parsl:256 Rank:0 [DEBUG]  [TASK_PULL_THREAD] No incoming tasks
2019-12-02 13:11:05.624 parsl:218 Rank:0 [DEBUG]  [TASK_PULL_THREAD] ready workers:0, pending tasks:0
2019-12-02 13:11:05.785 parsl:256 Rank:0 [DEBUG]  [TASK_PULL_THREAD] No incoming tasks
2019-12-02 13:11:05.785 parsl:218 Rank:0 [DEBUG]  [TASK_PULL_THREAD] ready workers:0, pending tasks:0
2019-12-02 13:11:06.105 parsl:256 Rank:0 [DEBUG]  [TASK_PULL_THREAD] No incoming tasks
2019-12-02 13:11:06.106 parsl:218 Rank:0 [DEBUG]  [TASK_PULL_THREAD] ready workers:0, pending tasks:0
2019-12-02 13:11:06.747 parsl:256 Rank:0 [DEBUG]  [TASK_PULL_THREAD] No incoming tasks
2019-12-02 13:11:06.748 parsl:218 Rank:0 [DEBUG]  [TASK_PULL_THREAD] ready workers:0, pending tasks:0
2019-12-02 13:11:08.029 parsl:256 Rank:0 [DEBUG]  [TASK_PULL_THREAD] No incoming tasks
2019-12-02 13:11:08.030 parsl:218 Rank:0 [DEBUG]  [TASK_PULL_THREAD] ready workers:1, pending tasks:0
2019-12-02 13:11:08.030 parsl:225 Rank:0 [DEBUG]  [TASK_PULL_THREAD] Requesting tasks: 1
2019-12-02 13:11:10.593 parsl:256 Rank:0 [DEBUG]  [TASK_PULL_THREAD] No incoming tasks
2019-12-02 13:11:10.593 parsl:218 Rank:0 [DEBUG]  [TASK_PULL_THREAD] ready workers:2, pending tasks:0
2019-12-02 13:11:10.594 parsl:225 Rank:0 [DEBUG]  [TASK_PULL_THREAD] Requesting tasks: 2
2019-12-02 13:11:15.719 parsl:256 Rank:0 [DEBUG]  [TASK_PULL_THREAD] No incoming tasks
2019-12-02 13:11:15.719 parsl:218 Rank:0 [DEBUG]  [TASK_PULL_THREAD] ready workers:4, pending tasks:0
2019-12-02 13:11:15.720 parsl:225 Rank:0 [DEBUG]  [TASK_PULL_THREAD] Requesting tasks: 4
