2019-12-02 14:26:15.096 parsl.dataflow.dflow:83 [DEBUG]  Starting DataFlowKernel with config
Config(
    app_cache=True, 
    checkpoint_files=None, 
    checkpoint_mode=None, 
    checkpoint_period=None, 
    data_management_max_threads=10, 
    executors=[HighThroughputExecutor(
        address='10.0.0.1', 
        cores_per_worker=1.0, 
        heartbeat_period=30, 
        heartbeat_threshold=120, 
        interchange_port_range=(55000, 56000), 
        label='remote_htex', 
        launch_cmd='process_worker_pool.py {debug} {max_workers} -p {prefetch_capacity} -c {cores_per_worker} -m {mem_per_worker} --poll {poll_period} --task_url={task_url} --result_url={result_url} --logdir={logdir} --block_id={{block_id}} --hb_period={heartbeat_period} --hb_threshold={heartbeat_threshold} ', 
        managed=True, 
        max_workers=2, 
        mem_per_worker=None, 
        poll_period=10, 
        prefetch_capacity=0, 
        provider=AdHocProvider(
            channels=[SSHChannel(
                '10.0.0.1',
                envs={}, 
                gssapi_auth=False, 
                password=None, 
                port=22, 
                script_dir='/home/mpiuser/Downloads/parallel-parsl-workflow/', 
                skip_auth=False, 
                username='mpiuser'
            ), SSHChannel(
                '10.0.0.2',
                envs={}, 
                gssapi_auth=False, 
                password=None, 
                port=22, 
                script_dir='/home/mpiuser/Downloads/parallel-parsl-workflow/', 
                skip_auth=False, 
                username='mpiuser'
            )], 
            cmd_timeout=30, 
            move_files=None, 
            parallelism=1, 
            worker_init='\n\t\tsource /etc/profile\n\t\tsource ~/.profile\n\t\t'
        ), 
        storage_access=None, 
        suppress_failure=True, 
        worker_debug=False, 
        worker_logdir_root='/home/mpiuser/Downloads/parallel-parsl-workflow/', 
        worker_port_range=(54000, 55000), 
        worker_ports=None, 
        working_dir=None
    ), HighThroughputExecutor(
        address='127.0.0.1', 
        cores_per_worker=1, 
        heartbeat_period=30, 
        heartbeat_threshold=120, 
        interchange_port_range=(55000, 56000), 
        label='htex_Local', 
        launch_cmd='process_worker_pool.py {debug} {max_workers} -p {prefetch_capacity} -c {cores_per_worker} -m {mem_per_worker} --poll {poll_period} --task_url={task_url} --result_url={result_url} --logdir={logdir} --block_id={{block_id}} --hb_period={heartbeat_period} --hb_threshold={heartbeat_threshold} ', 
        managed=True, 
        max_workers=inf, 
        mem_per_worker=None, 
        poll_period=10, 
        prefetch_capacity=0, 
        provider=LocalProvider(
            channel=LocalChannel(
                envs={}, 
                script_dir=None, 
                userhome='/home/mpiuser/Downloads/parallel-parsl-workflow'
            ), 
            cmd_timeout=30, 
            init_blocks=1, 
            launcher=SingleNodeLauncher(), 
            max_blocks=1, 
            min_blocks=0, 
            move_files=None, 
            nodes_per_block=1, 
            parallelism=1, 
            walltime='00:15:00', 
            worker_init=''
        ), 
        storage_access=None, 
        suppress_failure=True, 
        worker_debug=True, 
        worker_logdir_root=None, 
        worker_port_range=(54000, 55000), 
        worker_ports=None, 
        working_dir=None
    )], 
    initialize_logging=True, 
    lazy_errors=True, 
    max_idletime=2.0, 
    monitoring=None, 
    retries=0, 
    run_dir='runinfo', 
    strategy=None, 
    usage_tracking=False
)
2019-12-02 14:26:15.096 parsl.dataflow.dflow:84 [INFO]  Parsl version: 0.9.0
2019-12-02 14:26:15.096 parsl.dataflow.usage_tracking.usage:126 [DEBUG]  Tracking status: False
2019-12-02 14:26:15.097 parsl.dataflow.usage_tracking.usage:127 [DEBUG]  Testing mode   : False
2019-12-02 14:26:15.097 parsl.dataflow.dflow:110 [INFO]  Run id is: 1119e14b-f8e0-4dda-bdb5-8df58f995cd5
2019-12-02 14:26:15.166 parsl.dataflow.memoization:52 [INFO]  App caching initialized
2019-12-02 14:26:15.167 parsl.dataflow.dflow:824 [DEBUG]  Creating script_dir across multiple channels
2019-12-02 14:26:15.331 parsl.executors.high_throughput.executor:453 [DEBUG]  Starting queue management thread
2019-12-02 14:26:15.331 parsl.executors.high_throughput.executor:326 [DEBUG]  [MTHREAD] queue management worker starting
2019-12-02 14:26:15.331 parsl.executors.high_throughput.executor:457 [DEBUG]  Started queue management thread
2019-12-02 14:26:15.364 parsl.executors.high_throughput.executor:289 [DEBUG]  Created management thread: <Thread(HTEX-Queue-Management-Thread, started daemon 139931015956224)>
2019-12-02 14:26:15.365 parsl.executors.high_throughput.executor:263 [DEBUG]  Launch command: process_worker_pool.py  --max_workers=2 -p 0 -c 1.0 -m None --poll 10 --task_url=tcp://10.0.0.1:54515 --result_url=tcp://10.0.0.1:54779 --logdir=/home/mpiuser/Downloads/parallel-parsl-workflow//remote_htex --block_id={block_id} --hb_period=30 --hb_threshold=120 
2019-12-02 14:26:15.365 parsl.executors.high_throughput.executor:266 [DEBUG]  Starting HighThroughputExecutor with provider:
AdHocProvider(
    channels=[SSHChannel(
        '10.0.0.1',
        envs={}, 
        gssapi_auth=False, 
        password=None, 
        port=22, 
        script_dir='/home/mpiuser/Downloads/parallel-parsl-workflow/', 
        skip_auth=False, 
        username='mpiuser'
    ), SSHChannel(
        '10.0.0.2',
        envs={}, 
        gssapi_auth=False, 
        password=None, 
        port=22, 
        script_dir='/home/mpiuser/Downloads/parallel-parsl-workflow/', 
        skip_auth=False, 
        username='mpiuser'
    )], 
    cmd_timeout=30, 
    move_files=None, 
    parallelism=1, 
    worker_init='\n\t\tsource /etc/profile\n\t\tsource ~/.profile\n\t\t'
)
2019-12-02 14:26:15.375 parsl.providers.ad_hoc.ad_hoc:119 [DEBUG]  Channel_counts : {SSHChannel(
    '10.0.0.2',
    envs={}, 
    gssapi_auth=False, 
    password=None, 
    port=22, 
    script_dir='/home/mpiuser/Downloads/parallel-parsl-workflow/', 
    skip_auth=False, 
    username='mpiuser'
): 0, SSHChannel(
    '10.0.0.1',
    envs={}, 
    gssapi_auth=False, 
    password=None, 
    port=22, 
    script_dir='/home/mpiuser/Downloads/parallel-parsl-workflow/', 
    skip_auth=False, 
    username='mpiuser'
): 0}
2019-12-02 14:26:15.377 parsl.providers.ad_hoc.ad_hoc:174 [DEBUG]  Pushing start script
2019-12-02 14:26:15.585 parsl.executors.high_throughput.executor:569 [DEBUG]  Launched block 0->2354
2019-12-02 14:26:15.587 parsl.providers.ad_hoc.ad_hoc:174 [DEBUG]  Pushing start script
2019-12-02 14:26:15.678 parsl.executors.high_throughput.executor:569 [DEBUG]  Launched block 1->15076
2019-12-02 14:26:15.683 parsl.executors.high_throughput.executor:453 [DEBUG]  Starting queue management thread
2019-12-02 14:26:15.684 parsl.executors.high_throughput.executor:326 [DEBUG]  [MTHREAD] queue management worker starting
2019-12-02 14:26:15.684 parsl.executors.high_throughput.executor:457 [DEBUG]  Started queue management thread
2019-12-02 14:26:15.697 parsl.executors.high_throughput.executor:289 [DEBUG]  Created management thread: <Thread(HTEX-Queue-Management-Thread, started daemon 139930747520768)>
2019-12-02 14:26:15.698 parsl.executors.high_throughput.executor:263 [DEBUG]  Launch command: process_worker_pool.py --debug  -p 0 -c 1 -m None --poll 10 --task_url=tcp://127.0.0.1:54835 --result_url=tcp://127.0.0.1:54846 --logdir=/home/mpiuser/Downloads/parallel-parsl-workflow/runinfo/013/htex_Local --block_id={block_id} --hb_period=30 --hb_threshold=120 
2019-12-02 14:26:15.698 parsl.executors.high_throughput.executor:266 [DEBUG]  Starting HighThroughputExecutor with provider:
LocalProvider(
    channel=LocalChannel(
        envs={}, 
        script_dir='/home/mpiuser/Downloads/parallel-parsl-workflow/runinfo/013/submit_scripts', 
        userhome='/home/mpiuser/Downloads/parallel-parsl-workflow'
    ), 
    cmd_timeout=30, 
    init_blocks=1, 
    launcher=SingleNodeLauncher(), 
    max_blocks=1, 
    min_blocks=0, 
    move_files=None, 
    nodes_per_block=1, 
    parallelism=1, 
    walltime='00:15:00', 
    worker_init=''
)
2019-12-02 14:26:15.708 parsl.executors.high_throughput.executor:569 [DEBUG]  Launched block 0->15091
2019-12-02 14:26:15.708 parsl.dataflow.strategy:125 [DEBUG]  Scaling strategy: None
2019-12-02 14:26:15.712 parsl.dataflow.dflow:484 [DEBUG]  Adding output dependencies
2019-12-02 14:26:15.712 parsl.dataflow.dflow:708 [INFO]  Task 0 submitted for App generate, waiting on tasks []
2019-12-02 14:26:15.712 parsl.dataflow.dflow:714 [DEBUG]  Task 0 set to pending state with AppFuture: <AppFuture super=<AppFuture at 0x7f444dd9cd30 state=pending>>
2019-12-02 14:26:15.712 parsl.executors.high_throughput.executor:537 [DEBUG]  Pushing function <function generate at 0x7f444dcb87b8> to queue with args (10, 0)
2019-12-02 14:26:15.920 parsl.dataflow.dflow:452 [INFO]  Task 0 launched on executor remote_htex
2019-12-02 14:26:15.920 parsl.dataflow.dflow:484 [DEBUG]  Adding output dependencies
2019-12-02 14:26:15.920 parsl.dataflow.dflow:708 [INFO]  Task 1 submitted for App generate, waiting on tasks []
2019-12-02 14:26:15.920 parsl.dataflow.dflow:714 [DEBUG]  Task 1 set to pending state with AppFuture: <AppFuture super=<AppFuture at 0x7f444dcc1048 state=pending>>
2019-12-02 14:26:15.920 parsl.executors.high_throughput.executor:537 [DEBUG]  Pushing function <function generate at 0x7f444dcb87b8> to queue with args (10, 1)
2019-12-02 14:26:15.921 parsl.dataflow.dflow:452 [INFO]  Task 1 launched on executor htex_Local
2019-12-02 14:26:15.921 parsl.dataflow.dflow:484 [DEBUG]  Adding output dependencies
2019-12-02 14:26:15.921 parsl.dataflow.dflow:708 [INFO]  Task 2 submitted for App generate, waiting on tasks []
2019-12-02 14:26:15.921 parsl.dataflow.dflow:714 [DEBUG]  Task 2 set to pending state with AppFuture: <AppFuture super=<AppFuture at 0x7f444dcc13c8 state=pending>>
2019-12-02 14:26:15.921 parsl.executors.high_throughput.executor:537 [DEBUG]  Pushing function <function generate at 0x7f444dcb87b8> to queue with args (10, 2)
2019-12-02 14:26:15.922 parsl.dataflow.dflow:452 [INFO]  Task 2 launched on executor htex_Local
2019-12-02 14:26:15.922 parsl.dataflow.dflow:484 [DEBUG]  Adding output dependencies
2019-12-02 14:26:15.922 parsl.dataflow.dflow:708 [INFO]  Task 3 submitted for App generate, waiting on tasks []
2019-12-02 14:26:15.922 parsl.dataflow.dflow:714 [DEBUG]  Task 3 set to pending state with AppFuture: <AppFuture super=<AppFuture at 0x7f4438023a90 state=pending>>
2019-12-02 14:26:15.922 parsl.executors.high_throughput.executor:537 [DEBUG]  Pushing function <function generate at 0x7f444dcb87b8> to queue with args (10, 3)
2019-12-02 14:26:15.923 parsl.dataflow.dflow:452 [INFO]  Task 3 launched on executor htex_Local
2019-12-02 14:26:15.923 parsl.dataflow.dflow:484 [DEBUG]  Adding output dependencies
2019-12-02 14:26:15.923 parsl.dataflow.dflow:708 [INFO]  Task 4 submitted for App generate, waiting on tasks []
2019-12-02 14:26:15.923 parsl.dataflow.dflow:714 [DEBUG]  Task 4 set to pending state with AppFuture: <AppFuture super=<AppFuture at 0x7f4428125d30 state=pending>>
2019-12-02 14:26:15.923 parsl.executors.high_throughput.executor:537 [DEBUG]  Pushing function <function generate at 0x7f444dcb87b8> to queue with args (10, 4)
2019-12-02 14:26:15.924 parsl.dataflow.dflow:452 [INFO]  Task 4 launched on executor remote_htex
2019-12-02 14:26:15.924 parsl.dataflow.dflow:484 [DEBUG]  Adding output dependencies
2019-12-02 14:26:15.924 parsl.dataflow.dflow:708 [INFO]  Task 5 submitted for App generate, waiting on tasks []
2019-12-02 14:26:15.924 parsl.dataflow.dflow:714 [DEBUG]  Task 5 set to pending state with AppFuture: <AppFuture super=<AppFuture at 0x7f4428125e48 state=pending>>
2019-12-02 14:26:15.924 parsl.executors.high_throughput.executor:537 [DEBUG]  Pushing function <function generate at 0x7f444dcb87b8> to queue with args (10, 5)
2019-12-02 14:26:15.925 parsl.dataflow.dflow:452 [INFO]  Task 5 launched on executor remote_htex
2019-12-02 14:26:15.925 parsl.dataflow.dflow:484 [DEBUG]  Adding output dependencies
2019-12-02 14:26:15.925 parsl.dataflow.dflow:708 [INFO]  Task 6 submitted for App generate, waiting on tasks []
2019-12-02 14:26:15.925 parsl.dataflow.dflow:714 [DEBUG]  Task 6 set to pending state with AppFuture: <AppFuture super=<AppFuture at 0x7f4428125f60 state=pending>>
2019-12-02 14:26:15.925 parsl.executors.high_throughput.executor:537 [DEBUG]  Pushing function <function generate at 0x7f444dcb87b8> to queue with args (10, 6)
2019-12-02 14:26:15.926 parsl.dataflow.dflow:452 [INFO]  Task 6 launched on executor htex_Local
2019-12-02 14:26:15.926 parsl.dataflow.dflow:484 [DEBUG]  Adding output dependencies
2019-12-02 14:26:15.926 parsl.dataflow.dflow:708 [INFO]  Task 7 submitted for App generate, waiting on tasks []
2019-12-02 14:26:15.926 parsl.dataflow.dflow:714 [DEBUG]  Task 7 set to pending state with AppFuture: <AppFuture super=<AppFuture at 0x7f442812e0b8 state=pending>>
2019-12-02 14:26:15.926 parsl.executors.high_throughput.executor:537 [DEBUG]  Pushing function <function generate at 0x7f444dcb87b8> to queue with args (10, 7)
2019-12-02 14:26:15.927 parsl.dataflow.dflow:452 [INFO]  Task 7 launched on executor remote_htex
2019-12-02 14:26:15.927 parsl.dataflow.dflow:484 [DEBUG]  Adding output dependencies
2019-12-02 14:26:15.927 parsl.dataflow.dflow:708 [INFO]  Task 8 submitted for App generate, waiting on tasks []
2019-12-02 14:26:15.927 parsl.dataflow.dflow:714 [DEBUG]  Task 8 set to pending state with AppFuture: <AppFuture super=<AppFuture at 0x7f442812e1d0 state=pending>>
2019-12-02 14:26:15.927 parsl.executors.high_throughput.executor:537 [DEBUG]  Pushing function <function generate at 0x7f444dcb87b8> to queue with args (10, 8)
2019-12-02 14:26:15.928 parsl.dataflow.dflow:452 [INFO]  Task 8 launched on executor remote_htex
2019-12-02 14:26:15.928 parsl.dataflow.dflow:484 [DEBUG]  Adding output dependencies
2019-12-02 14:26:15.928 parsl.dataflow.dflow:708 [INFO]  Task 9 submitted for App generate, waiting on tasks []
2019-12-02 14:26:15.928 parsl.dataflow.dflow:714 [DEBUG]  Task 9 set to pending state with AppFuture: <AppFuture super=<AppFuture at 0x7f442812e2e8 state=pending>>
2019-12-02 14:26:15.928 parsl.executors.high_throughput.executor:537 [DEBUG]  Pushing function <function generate at 0x7f444dcb87b8> to queue with args (10, 9)
2019-12-02 14:26:15.929 parsl.dataflow.dflow:452 [INFO]  Task 9 launched on executor htex_Local
2019-12-02 14:26:16.849 parsl.dataflow.dflow:288 [INFO]  Task 0 completed
2019-12-02 14:26:17.865 parsl.dataflow.dflow:288 [INFO]  Task 1 completed
2019-12-02 14:26:18.866 parsl.dataflow.dflow:288 [INFO]  Task 2 completed
2019-12-02 14:26:19.876 parsl.dataflow.dflow:288 [INFO]  Task 3 completed
2019-12-02 14:26:20.876 parsl.dataflow.dflow:288 [INFO]  Task 4 completed
2019-12-02 14:26:22.007 parsl.dataflow.dflow:288 [INFO]  Task 5 completed
2019-12-02 14:26:22.867 parsl.dataflow.dflow:288 [INFO]  Task 6 completed
2019-12-02 14:26:26.965 parsl.dataflow.dflow:288 [INFO]  Task 9 completed
2019-12-02 14:26:28.598 parsl.dataflow.dflow:288 [INFO]  Task 7 completed
2019-12-02 14:26:28.599 parsl.dataflow.dflow:288 [INFO]  Task 8 completed
2019-12-02 14:26:28.601 parsl.dataflow.dflow:864 [INFO]  DFK cleanup initiated
2019-12-02 14:26:28.602 parsl.dataflow.dflow:750 [INFO]  Summary of tasks in DFK:
2019-12-02 14:26:28.603 parsl.dataflow.dflow:781 [INFO]  Tasks in state States.done: 0, 1, 2, 3, 4, 5, 6, 7, 8, 9
2019-12-02 14:26:28.603 parsl.dataflow.dflow:788 [INFO]  End of summary
2019-12-02 14:26:28.604 parsl.dataflow.dflow:888 [INFO]  Terminating flow_control and strategy threads
2019-12-02 14:26:28.609 parsl.executors.high_throughput.executor:507 [DEBUG]  [HOLD_BLOCK]: Sending hold to manager: ce2e7c136cf4
2019-12-02 14:26:28.615 parsl.executors.high_throughput.executor:475 [DEBUG]  Sent hold request to worker: ce2e7c136cf4
2019-12-02 14:26:28.619 parsl.executors.high_throughput.executor:507 [DEBUG]  [HOLD_BLOCK]: Sending hold to manager: 5fc9d6c73083
2019-12-02 14:26:28.622 parsl.executors.high_throughput.executor:475 [DEBUG]  Sent hold request to worker: 5fc9d6c73083
2019-12-02 14:26:28.622 parsl.providers.ad_hoc.ad_hoc:238 [DEBUG]  Cancelling jobs: ['2354', '15076']
2019-12-02 14:26:28.698 parsl.executors.high_throughput.executor:634 [INFO]  Attempting HighThroughputExecutor shutdown
2019-12-02 14:26:28.698 parsl.executors.high_throughput.executor:638 [INFO]  Finished HighThroughputExecutor shutdown attempt
2019-12-02 14:26:28.698 parsl.executors.threads:96 [DEBUG]  Done with executor shutdown
2019-12-02 14:26:28.700 parsl.executors.high_throughput.executor:507 [DEBUG]  [HOLD_BLOCK]: Sending hold to manager: 6c91f38ed933
2019-12-02 14:26:28.702 parsl.executors.high_throughput.executor:475 [DEBUG]  Sent hold request to worker: 6c91f38ed933
2019-12-02 14:26:28.702 parsl.providers.local.local:233 [DEBUG]  Terminating job/proc_id: 15091
2019-12-02 14:26:28.707 parsl.executors.high_throughput.executor:634 [INFO]  Attempting HighThroughputExecutor shutdown
2019-12-02 14:26:28.707 parsl.executors.high_throughput.executor:638 [INFO]  Finished HighThroughputExecutor shutdown attempt
2019-12-02 14:26:28.707 parsl.dataflow.dflow:920 [INFO]  DFK cleanup complete
