2019-12-02 13:11:02.072 parsl.dataflow.dflow:83 [DEBUG]  Starting DataFlowKernel with config
Config(
    app_cache=True, 
    checkpoint_files=None, 
    checkpoint_mode=None, 
    checkpoint_period=None, 
    data_management_max_threads=10, 
    executors=[HighThroughputExecutor(
        address='10.0.0.1', 
        cores_per_worker=1.0, 
        heartbeat_period=30, 
        heartbeat_threshold=120, 
        interchange_port_range=(55000, 56000), 
        label='remote_htex', 
        launch_cmd='process_worker_pool.py {debug} {max_workers} -p {prefetch_capacity} -c {cores_per_worker} -m {mem_per_worker} --poll {poll_period} --task_url={task_url} --result_url={result_url} --logdir={logdir} --block_id={{block_id}} --hb_period={heartbeat_period} --hb_threshold={heartbeat_threshold} ', 
        managed=True, 
        max_workers=2, 
        mem_per_worker=None, 
        poll_period=10, 
        prefetch_capacity=0, 
        provider=AdHocProvider(
            channels=[SSHChannel(
                '10.0.0.1',
                envs={}, 
                gssapi_auth=False, 
                password=None, 
                port=22, 
                script_dir='/home/mpiuser/Downloads/parallel-parsl-workflow/', 
                skip_auth=False, 
                username='mpiuser'
            ), SSHChannel(
                '10.0.0.2',
                envs={}, 
                gssapi_auth=False, 
                password=None, 
                port=22, 
                script_dir='/home/mpiuser/Downloads/parallel-parsl-workflow/', 
                skip_auth=False, 
                username='mpiuser'
            )], 
            cmd_timeout=30, 
            move_files=None, 
            parallelism=1, 
            worker_init='\n\t\tsource /etc/profile\n\t\tsource ~/.profile\n\t\t'
        ), 
        storage_access=None, 
        suppress_failure=True, 
        worker_debug=False, 
        worker_logdir_root='/home/mpiuser/Downloads/parallel-parsl-workflow/', 
        worker_port_range=(54000, 55000), 
        worker_ports=None, 
        working_dir=None
    ), HighThroughputExecutor(
        address='127.0.0.1', 
        cores_per_worker=1, 
        heartbeat_period=30, 
        heartbeat_threshold=120, 
        interchange_port_range=(55000, 56000), 
        label='htex_Local', 
        launch_cmd='process_worker_pool.py {debug} {max_workers} -p {prefetch_capacity} -c {cores_per_worker} -m {mem_per_worker} --poll {poll_period} --task_url={task_url} --result_url={result_url} --logdir={logdir} --block_id={{block_id}} --hb_period={heartbeat_period} --hb_threshold={heartbeat_threshold} ', 
        managed=True, 
        max_workers=inf, 
        mem_per_worker=None, 
        poll_period=10, 
        prefetch_capacity=0, 
        provider=LocalProvider(
            channel=LocalChannel(
                envs={}, 
                script_dir=None, 
                userhome='/home/mpiuser/Downloads/parallel-parsl-workflow'
            ), 
            cmd_timeout=30, 
            init_blocks=1, 
            launcher=SingleNodeLauncher(), 
            max_blocks=1, 
            min_blocks=0, 
            move_files=None, 
            nodes_per_block=1, 
            parallelism=1, 
            walltime='00:15:00', 
            worker_init=''
        ), 
        storage_access=None, 
        suppress_failure=True, 
        worker_debug=True, 
        worker_logdir_root=None, 
        worker_port_range=(54000, 55000), 
        worker_ports=None, 
        working_dir=None
    )], 
    initialize_logging=True, 
    lazy_errors=True, 
    max_idletime=2.0, 
    monitoring=None, 
    retries=0, 
    run_dir='runinfo', 
    strategy=None, 
    usage_tracking=False
)
2019-12-02 13:11:02.072 parsl.dataflow.dflow:84 [INFO]  Parsl version: 0.9.0
2019-12-02 13:11:02.073 parsl.dataflow.usage_tracking.usage:126 [DEBUG]  Tracking status: False
2019-12-02 13:11:02.073 parsl.dataflow.usage_tracking.usage:127 [DEBUG]  Testing mode   : False
2019-12-02 13:11:02.073 parsl.dataflow.dflow:110 [INFO]  Run id is: 823034a6-e072-4e21-9540-87523bdcce7f
2019-12-02 13:11:02.171 parsl.dataflow.memoization:52 [INFO]  App caching initialized
2019-12-02 13:11:02.172 parsl.dataflow.dflow:824 [DEBUG]  Creating script_dir across multiple channels
2019-12-02 13:11:02.358 parsl.executors.high_throughput.executor:453 [DEBUG]  Starting queue management thread
2019-12-02 13:11:02.358 parsl.executors.high_throughput.executor:326 [DEBUG]  [MTHREAD] queue management worker starting
2019-12-02 13:11:02.358 parsl.executors.high_throughput.executor:457 [DEBUG]  Started queue management thread
2019-12-02 13:11:02.408 parsl.executors.high_throughput.executor:289 [DEBUG]  Created management thread: <Thread(HTEX-Queue-Management-Thread, started daemon 140441538262784)>
2019-12-02 13:11:02.410 parsl.executors.high_throughput.executor:263 [DEBUG]  Launch command: process_worker_pool.py  --max_workers=2 -p 0 -c 1.0 -m None --poll 10 --task_url=tcp://10.0.0.1:54607 --result_url=tcp://10.0.0.1:54942 --logdir=/home/mpiuser/Downloads/parallel-parsl-workflow//remote_htex --block_id={block_id} --hb_period=30 --hb_threshold=120 
2019-12-02 13:11:02.410 parsl.executors.high_throughput.executor:266 [DEBUG]  Starting HighThroughputExecutor with provider:
AdHocProvider(
    channels=[SSHChannel(
        '10.0.0.1',
        envs={}, 
        gssapi_auth=False, 
        password=None, 
        port=22, 
        script_dir='/home/mpiuser/Downloads/parallel-parsl-workflow/', 
        skip_auth=False, 
        username='mpiuser'
    ), SSHChannel(
        '10.0.0.2',
        envs={}, 
        gssapi_auth=False, 
        password=None, 
        port=22, 
        script_dir='/home/mpiuser/Downloads/parallel-parsl-workflow/', 
        skip_auth=False, 
        username='mpiuser'
    )], 
    cmd_timeout=30, 
    move_files=None, 
    parallelism=1, 
    worker_init='\n\t\tsource /etc/profile\n\t\tsource ~/.profile\n\t\t'
)
2019-12-02 13:11:02.420 parsl.providers.ad_hoc.ad_hoc:119 [DEBUG]  Channel_counts : {SSHChannel(
    '10.0.0.2',
    envs={}, 
    gssapi_auth=False, 
    password=None, 
    port=22, 
    script_dir='/home/mpiuser/Downloads/parallel-parsl-workflow/', 
    skip_auth=False, 
    username='mpiuser'
): 0, SSHChannel(
    '10.0.0.1',
    envs={}, 
    gssapi_auth=False, 
    password=None, 
    port=22, 
    script_dir='/home/mpiuser/Downloads/parallel-parsl-workflow/', 
    skip_auth=False, 
    username='mpiuser'
): 0}
2019-12-02 13:11:02.422 parsl.providers.ad_hoc.ad_hoc:174 [DEBUG]  Pushing start script
2019-12-02 13:11:02.600 parsl.executors.high_throughput.executor:569 [DEBUG]  Launched block 0->5869
2019-12-02 13:11:02.602 parsl.providers.ad_hoc.ad_hoc:174 [DEBUG]  Pushing start script
2019-12-02 13:11:02.663 parsl.executors.high_throughput.executor:569 [DEBUG]  Launched block 1->12546
2019-12-02 13:11:02.665 parsl.executors.high_throughput.executor:453 [DEBUG]  Starting queue management thread
2019-12-02 13:11:02.665 parsl.executors.high_throughput.executor:326 [DEBUG]  [MTHREAD] queue management worker starting
2019-12-02 13:11:02.666 parsl.executors.high_throughput.executor:457 [DEBUG]  Started queue management thread
2019-12-02 13:11:02.675 parsl.executors.high_throughput.executor:289 [DEBUG]  Created management thread: <Thread(HTEX-Queue-Management-Thread, started daemon 140441202718464)>
2019-12-02 13:11:02.675 parsl.executors.high_throughput.executor:263 [DEBUG]  Launch command: process_worker_pool.py --debug  -p 0 -c 1 -m None --poll 10 --task_url=tcp://127.0.0.1:54384 --result_url=tcp://127.0.0.1:54647 --logdir=/home/mpiuser/Downloads/parallel-parsl-workflow/runinfo/012/htex_Local --block_id={block_id} --hb_period=30 --hb_threshold=120 
2019-12-02 13:11:02.676 parsl.executors.high_throughput.executor:266 [DEBUG]  Starting HighThroughputExecutor with provider:
LocalProvider(
    channel=LocalChannel(
        envs={}, 
        script_dir='/home/mpiuser/Downloads/parallel-parsl-workflow/runinfo/012/submit_scripts', 
        userhome='/home/mpiuser/Downloads/parallel-parsl-workflow'
    ), 
    cmd_timeout=30, 
    init_blocks=1, 
    launcher=SingleNodeLauncher(), 
    max_blocks=1, 
    min_blocks=0, 
    move_files=None, 
    nodes_per_block=1, 
    parallelism=1, 
    walltime='00:15:00', 
    worker_init=''
)
2019-12-02 13:11:02.684 parsl.executors.high_throughput.executor:569 [DEBUG]  Launched block 0->12561
2019-12-02 13:11:02.685 parsl.dataflow.strategy:125 [DEBUG]  Scaling strategy: None
2019-12-02 13:11:02.708 parsl.dataflow.dflow:484 [DEBUG]  Adding output dependencies
2019-12-02 13:11:02.708 parsl.dataflow.dflow:708 [INFO]  Task 0 submitted for App generate, waiting on tasks []
2019-12-02 13:11:02.708 parsl.dataflow.dflow:714 [DEBUG]  Task 0 set to pending state with AppFuture: <AppFuture super=<AppFuture at 0x7fbb3005fba8 state=pending>>
2019-12-02 13:11:02.708 parsl.executors.high_throughput.executor:537 [DEBUG]  Pushing function <function generate at 0x7fbb2ff7c7b8> to queue with args (10, 0)
2019-12-02 13:11:04.157 parsl.dataflow.dflow:452 [INFO]  Task 0 launched on executor remote_htex
2019-12-02 13:11:04.158 parsl.dataflow.dflow:484 [DEBUG]  Adding output dependencies
2019-12-02 13:11:04.158 parsl.dataflow.dflow:708 [INFO]  Task 1 submitted for App generate, waiting on tasks []
2019-12-02 13:11:04.158 parsl.dataflow.dflow:714 [DEBUG]  Task 1 set to pending state with AppFuture: <AppFuture super=<AppFuture at 0x7fbb2ff82048 state=pending>>
2019-12-02 13:11:04.159 parsl.executors.high_throughput.executor:537 [DEBUG]  Pushing function <function generate at 0x7fbb2ff7c7b8> to queue with args (10, 1)
2019-12-02 13:11:04.160 parsl.dataflow.dflow:452 [INFO]  Task 1 launched on executor htex_Local
2019-12-02 13:11:04.160 parsl.dataflow.dflow:484 [DEBUG]  Adding output dependencies
2019-12-02 13:11:04.161 parsl.dataflow.dflow:708 [INFO]  Task 2 submitted for App generate, waiting on tasks []
2019-12-02 13:11:04.161 parsl.dataflow.dflow:714 [DEBUG]  Task 2 set to pending state with AppFuture: <AppFuture super=<AppFuture at 0x7fbb2ff823c8 state=pending>>
2019-12-02 13:11:04.162 parsl.executors.high_throughput.executor:537 [DEBUG]  Pushing function <function generate at 0x7fbb2ff7c7b8> to queue with args (10, 2)
2019-12-02 13:11:04.163 parsl.dataflow.dflow:452 [INFO]  Task 2 launched on executor remote_htex
2019-12-02 13:11:04.163 parsl.dataflow.dflow:484 [DEBUG]  Adding output dependencies
2019-12-02 13:11:04.163 parsl.dataflow.dflow:708 [INFO]  Task 3 submitted for App generate, waiting on tasks []
2019-12-02 13:11:04.164 parsl.dataflow.dflow:714 [DEBUG]  Task 3 set to pending state with AppFuture: <AppFuture super=<AppFuture at 0x7fbaf480fa58 state=pending>>
2019-12-02 13:11:04.164 parsl.executors.high_throughput.executor:537 [DEBUG]  Pushing function <function generate at 0x7fbb2ff7c7b8> to queue with args (10, 3)
2019-12-02 13:11:04.165 parsl.dataflow.dflow:452 [INFO]  Task 3 launched on executor htex_Local
2019-12-02 13:11:04.166 parsl.dataflow.dflow:484 [DEBUG]  Adding output dependencies
2019-12-02 13:11:04.166 parsl.dataflow.dflow:708 [INFO]  Task 4 submitted for App generate, waiting on tasks []
2019-12-02 13:11:04.167 parsl.dataflow.dflow:714 [DEBUG]  Task 4 set to pending state with AppFuture: <AppFuture super=<AppFuture at 0x7fbaf4776d30 state=pending>>
2019-12-02 13:11:04.167 parsl.executors.high_throughput.executor:537 [DEBUG]  Pushing function <function generate at 0x7fbb2ff7c7b8> to queue with args (10, 4)
2019-12-02 13:11:04.168 parsl.dataflow.dflow:452 [INFO]  Task 4 launched on executor remote_htex
2019-12-02 13:11:04.170 parsl.dataflow.dflow:484 [DEBUG]  Adding output dependencies
2019-12-02 13:11:04.172 parsl.dataflow.dflow:708 [INFO]  Task 5 submitted for App generate, waiting on tasks []
2019-12-02 13:11:04.172 parsl.dataflow.dflow:714 [DEBUG]  Task 5 set to pending state with AppFuture: <AppFuture super=<AppFuture at 0x7fbaf4776e48 state=pending>>
2019-12-02 13:11:04.173 parsl.executors.high_throughput.executor:537 [DEBUG]  Pushing function <function generate at 0x7fbb2ff7c7b8> to queue with args (10, 5)
2019-12-02 13:11:04.175 parsl.dataflow.dflow:452 [INFO]  Task 5 launched on executor htex_Local
2019-12-02 13:11:04.176 parsl.dataflow.dflow:484 [DEBUG]  Adding output dependencies
2019-12-02 13:11:04.176 parsl.dataflow.dflow:708 [INFO]  Task 6 submitted for App generate, waiting on tasks []
2019-12-02 13:11:04.177 parsl.dataflow.dflow:714 [DEBUG]  Task 6 set to pending state with AppFuture: <AppFuture super=<AppFuture at 0x7fbaf4776f60 state=pending>>
2019-12-02 13:11:04.178 parsl.executors.high_throughput.executor:537 [DEBUG]  Pushing function <function generate at 0x7fbb2ff7c7b8> to queue with args (10, 6)
2019-12-02 13:11:04.180 parsl.dataflow.dflow:452 [INFO]  Task 6 launched on executor remote_htex
2019-12-02 13:11:04.182 parsl.dataflow.dflow:484 [DEBUG]  Adding output dependencies
2019-12-02 13:11:04.183 parsl.dataflow.dflow:708 [INFO]  Task 7 submitted for App generate, waiting on tasks []
2019-12-02 13:11:04.183 parsl.dataflow.dflow:714 [DEBUG]  Task 7 set to pending state with AppFuture: <AppFuture super=<AppFuture at 0x7fbaf477f0b8 state=pending>>
2019-12-02 13:11:04.184 parsl.executors.high_throughput.executor:537 [DEBUG]  Pushing function <function generate at 0x7fbb2ff7c7b8> to queue with args (10, 7)
2019-12-02 13:11:04.186 parsl.dataflow.dflow:452 [INFO]  Task 7 launched on executor htex_Local
2019-12-02 13:11:04.187 parsl.dataflow.dflow:484 [DEBUG]  Adding output dependencies
2019-12-02 13:11:04.188 parsl.dataflow.dflow:708 [INFO]  Task 8 submitted for App generate, waiting on tasks []
2019-12-02 13:11:04.189 parsl.dataflow.dflow:714 [DEBUG]  Task 8 set to pending state with AppFuture: <AppFuture super=<AppFuture at 0x7fbaf477f1d0 state=pending>>
2019-12-02 13:11:04.190 parsl.executors.high_throughput.executor:537 [DEBUG]  Pushing function <function generate at 0x7fbb2ff7c7b8> to queue with args (10, 8)
2019-12-02 13:11:04.192 parsl.dataflow.dflow:452 [INFO]  Task 8 launched on executor remote_htex
2019-12-02 13:11:04.193 parsl.dataflow.dflow:484 [DEBUG]  Adding output dependencies
2019-12-02 13:11:04.194 parsl.dataflow.dflow:708 [INFO]  Task 9 submitted for App generate, waiting on tasks []
2019-12-02 13:11:04.194 parsl.dataflow.dflow:714 [DEBUG]  Task 9 set to pending state with AppFuture: <AppFuture super=<AppFuture at 0x7fbaf477f2e8 state=pending>>
2019-12-02 13:11:04.196 parsl.executors.high_throughput.executor:537 [DEBUG]  Pushing function <function generate at 0x7fbb2ff7c7b8> to queue with args (10, 9)
2019-12-02 13:11:04.199 parsl.dataflow.dflow:452 [INFO]  Task 9 launched on executor htex_Local
2019-12-02 13:11:04.418 parsl.dataflow.dflow:288 [INFO]  Task 0 completed
2019-12-02 13:11:05.383 parsl.dataflow.dflow:288 [INFO]  Task 1 completed
2019-12-02 13:11:06.378 parsl.dataflow.dflow:288 [INFO]  Task 2 completed
2019-12-02 13:11:07.387 parsl.dataflow.dflow:288 [INFO]  Task 3 completed
2019-12-02 13:11:08.492 parsl.dataflow.dflow:288 [INFO]  Task 4 completed
2019-12-02 13:11:09.409 parsl.dataflow.dflow:288 [INFO]  Task 5 completed
2019-12-02 13:11:11.409 parsl.dataflow.dflow:288 [INFO]  Task 7 completed
2019-12-02 13:11:13.045 parsl.dataflow.dflow:288 [INFO]  Task 6 completed
2019-12-02 13:11:14.501 parsl.dataflow.dflow:288 [INFO]  Task 9 completed
2019-12-02 13:11:16.989 parsl.dataflow.dflow:288 [INFO]  Task 8 completed
2019-12-02 13:11:16.990 parsl.dataflow.dflow:864 [INFO]  DFK cleanup initiated
2019-12-02 13:11:16.991 parsl.dataflow.dflow:750 [INFO]  Summary of tasks in DFK:
2019-12-02 13:11:16.991 parsl.dataflow.dflow:781 [INFO]  Tasks in state States.done: 0, 1, 2, 3, 4, 5, 6, 7, 8, 9
2019-12-02 13:11:16.992 parsl.dataflow.dflow:788 [INFO]  End of summary
2019-12-02 13:11:16.992 parsl.dataflow.dflow:888 [INFO]  Terminating flow_control and strategy threads
2019-12-02 13:11:16.993 parsl.executors.threads:96 [DEBUG]  Done with executor shutdown
2019-12-02 13:11:16.997 parsl.executors.high_throughput.executor:507 [DEBUG]  [HOLD_BLOCK]: Sending hold to manager: f62e06d06498
2019-12-02 13:11:17.003 parsl.executors.high_throughput.executor:475 [DEBUG]  Sent hold request to worker: f62e06d06498
2019-12-02 13:11:17.007 parsl.executors.high_throughput.executor:507 [DEBUG]  [HOLD_BLOCK]: Sending hold to manager: 720a54608da1
2019-12-02 13:11:17.012 parsl.executors.high_throughput.executor:475 [DEBUG]  Sent hold request to worker: 720a54608da1
2019-12-02 13:11:17.013 parsl.providers.ad_hoc.ad_hoc:238 [DEBUG]  Cancelling jobs: ['12546', '5869']
2019-12-02 13:11:17.096 parsl.executors.high_throughput.executor:634 [INFO]  Attempting HighThroughputExecutor shutdown
2019-12-02 13:11:17.096 parsl.executors.high_throughput.executor:638 [INFO]  Finished HighThroughputExecutor shutdown attempt
2019-12-02 13:11:17.099 parsl.executors.high_throughput.executor:507 [DEBUG]  [HOLD_BLOCK]: Sending hold to manager: ff71cae6e614
2019-12-02 13:11:17.101 parsl.executors.high_throughput.executor:475 [DEBUG]  Sent hold request to worker: ff71cae6e614
2019-12-02 13:11:17.101 parsl.providers.local.local:233 [DEBUG]  Terminating job/proc_id: 12561
2019-12-02 13:11:17.102 parsl.executors.high_throughput.executor:634 [INFO]  Attempting HighThroughputExecutor shutdown
2019-12-02 13:11:17.102 parsl.executors.high_throughput.executor:638 [INFO]  Finished HighThroughputExecutor shutdown attempt
2019-12-02 13:11:17.102 parsl.dataflow.dflow:920 [INFO]  DFK cleanup complete
