2019-11-26 13:35:27.879 parsl.dataflow.dflow:83 [DEBUG]  Starting DataFlowKernel with config
Config(
    app_cache=True, 
    checkpoint_files=None, 
    checkpoint_mode=None, 
    checkpoint_period=None, 
    data_management_max_threads=10, 
    executors=[ThreadPoolExecutor(
        label='local_threads', 
        managed=True, 
        max_threads=3, 
        storage_access=None, 
        thread_name_prefix='', 
        working_dir=None
    )], 
    initialize_logging=True, 
    lazy_errors=True, 
    max_idletime=120.0, 
    monitoring=None, 
    retries=0, 
    run_dir='runinfo', 
    strategy='simple', 
    usage_tracking=False
)
2019-11-26 13:35:27.879 parsl.dataflow.dflow:84 [INFO]  Parsl version: 0.9.0
2019-11-26 13:35:27.879 parsl.dataflow.usage_tracking.usage:126 [DEBUG]  Tracking status: False
2019-11-26 13:35:27.879 parsl.dataflow.usage_tracking.usage:127 [DEBUG]  Testing mode   : False
2019-11-26 13:35:27.879 parsl.dataflow.dflow:110 [INFO]  Run id is: d635e1ec-73f1-4fd6-9225-91d0517c8b2a
2019-11-26 13:35:27.954 parsl.dataflow.memoization:52 [INFO]  App caching initialized
2019-11-26 13:35:27.955 parsl.dataflow.strategy:125 [DEBUG]  Scaling strategy: simple
2019-11-26 13:35:27.956 parsl.dataflow.dflow:484 [DEBUG]  Adding output dependencies
2019-11-26 13:35:27.956 parsl.dataflow.dflow:708 [INFO]  Task 0 submitted for App generate, waiting on tasks []
2019-11-26 13:35:27.956 parsl.dataflow.dflow:714 [DEBUG]  Task 0 set to pending state with AppFuture: <AppFuture super=<AppFuture at 0x7f07e1508dd8 state=pending>>
2019-11-26 13:35:27.957 parsl.dataflow.dflow:452 [INFO]  Task 0 launched on executor local_threads
2019-11-26 13:35:27.957 parsl.dataflow.dflow:288 [INFO]  Task 0 completed
2019-11-26 13:35:27.957 parsl.dataflow.dflow:484 [DEBUG]  Adding output dependencies
2019-11-26 13:35:27.957 parsl.dataflow.dflow:708 [INFO]  Task 1 submitted for App generate, waiting on tasks []
2019-11-26 13:35:27.957 parsl.dataflow.dflow:714 [DEBUG]  Task 1 set to pending state with AppFuture: <AppFuture super=<AppFuture at 0x7f07e14817b8 state=pending>>
2019-11-26 13:35:27.957 parsl.dataflow.dflow:452 [INFO]  Task 1 launched on executor local_threads
2019-11-26 13:35:27.958 parsl.dataflow.dflow:484 [DEBUG]  Adding output dependencies
2019-11-26 13:35:27.958 parsl.dataflow.dflow:708 [INFO]  Task 2 submitted for App generate, waiting on tasks []
2019-11-26 13:35:27.958 parsl.dataflow.dflow:714 [DEBUG]  Task 2 set to pending state with AppFuture: <AppFuture super=<AppFuture at 0x7f07e1481a20 state=pending>>
2019-11-26 13:35:27.958 parsl.dataflow.dflow:452 [INFO]  Task 2 launched on executor local_threads
2019-11-26 13:35:27.958 parsl.dataflow.dflow:484 [DEBUG]  Adding output dependencies
2019-11-26 13:35:27.958 parsl.dataflow.dflow:708 [INFO]  Task 3 submitted for App generate, waiting on tasks []
2019-11-26 13:35:27.958 parsl.dataflow.dflow:714 [DEBUG]  Task 3 set to pending state with AppFuture: <AppFuture super=<AppFuture at 0x7f07e1481cc0 state=pending>>
2019-11-26 13:35:27.958 parsl.dataflow.dflow:452 [INFO]  Task 3 launched on executor local_threads
2019-11-26 13:35:27.958 parsl.dataflow.dflow:484 [DEBUG]  Adding output dependencies
2019-11-26 13:35:27.958 parsl.dataflow.dflow:708 [INFO]  Task 4 submitted for App generate, waiting on tasks []
2019-11-26 13:35:27.959 parsl.dataflow.dflow:714 [DEBUG]  Task 4 set to pending state with AppFuture: <AppFuture super=<AppFuture at 0x7f07e1481e48 state=pending>>
2019-11-26 13:35:27.959 parsl.dataflow.dflow:452 [INFO]  Task 4 launched on executor local_threads
2019-11-26 13:35:27.959 parsl.dataflow.dflow:484 [DEBUG]  Adding output dependencies
2019-11-26 13:35:27.959 parsl.dataflow.dflow:708 [INFO]  Task 5 submitted for App generate, waiting on tasks []
2019-11-26 13:35:27.959 parsl.dataflow.dflow:714 [DEBUG]  Task 5 set to pending state with AppFuture: <AppFuture super=<AppFuture at 0x7f07e1481fd0 state=pending>>
2019-11-26 13:35:27.959 parsl.dataflow.dflow:452 [INFO]  Task 5 launched on executor local_threads
2019-11-26 13:35:27.959 parsl.dataflow.dflow:484 [DEBUG]  Adding output dependencies
2019-11-26 13:35:27.959 parsl.dataflow.dflow:708 [INFO]  Task 6 submitted for App generate, waiting on tasks []
2019-11-26 13:35:27.959 parsl.dataflow.dflow:714 [DEBUG]  Task 6 set to pending state with AppFuture: <AppFuture super=<AppFuture at 0x7f07e1492198 state=pending>>
2019-11-26 13:35:27.959 parsl.dataflow.dflow:452 [INFO]  Task 6 launched on executor local_threads
2019-11-26 13:35:27.959 parsl.dataflow.dflow:484 [DEBUG]  Adding output dependencies
2019-11-26 13:35:27.959 parsl.dataflow.dflow:708 [INFO]  Task 7 submitted for App generate, waiting on tasks []
2019-11-26 13:35:27.960 parsl.dataflow.dflow:714 [DEBUG]  Task 7 set to pending state with AppFuture: <AppFuture super=<AppFuture at 0x7f07e1492320 state=pending>>
2019-11-26 13:35:27.960 parsl.dataflow.dflow:452 [INFO]  Task 7 launched on executor local_threads
2019-11-26 13:35:27.960 parsl.dataflow.dflow:484 [DEBUG]  Adding output dependencies
2019-11-26 13:35:27.960 parsl.dataflow.dflow:708 [INFO]  Task 8 submitted for App generate, waiting on tasks []
2019-11-26 13:35:27.960 parsl.dataflow.dflow:714 [DEBUG]  Task 8 set to pending state with AppFuture: <AppFuture super=<AppFuture at 0x7f07e14924a8 state=pending>>
2019-11-26 13:35:27.960 parsl.dataflow.dflow:452 [INFO]  Task 8 launched on executor local_threads
2019-11-26 13:35:27.960 parsl.dataflow.dflow:484 [DEBUG]  Adding output dependencies
2019-11-26 13:35:27.960 parsl.dataflow.dflow:708 [INFO]  Task 9 submitted for App generate, waiting on tasks []
2019-11-26 13:35:27.960 parsl.dataflow.dflow:714 [DEBUG]  Task 9 set to pending state with AppFuture: <AppFuture super=<AppFuture at 0x7f07e1492630 state=pending>>
2019-11-26 13:35:27.960 parsl.dataflow.dflow:452 [INFO]  Task 9 launched on executor local_threads
2019-11-26 13:35:28.959 parsl.dataflow.dflow:288 [INFO]  Task 1 completed
2019-11-26 13:35:29.959 parsl.dataflow.dflow:288 [INFO]  Task 2 completed
2019-11-26 13:35:30.962 parsl.dataflow.dflow:288 [INFO]  Task 3 completed
2019-11-26 13:35:32.964 parsl.dataflow.dflow:288 [INFO]  Task 4 completed
2019-11-26 13:35:34.965 parsl.dataflow.dflow:288 [INFO]  Task 5 completed
2019-11-26 13:35:36.970 parsl.dataflow.dflow:288 [INFO]  Task 6 completed
2019-11-26 13:35:39.973 parsl.dataflow.dflow:288 [INFO]  Task 7 completed
2019-11-26 13:35:42.975 parsl.dataflow.dflow:288 [INFO]  Task 8 completed
2019-11-26 13:35:45.980 parsl.dataflow.dflow:288 [INFO]  Task 9 completed
2019-11-26 13:35:45.982 parsl.dataflow.dflow:864 [INFO]  DFK cleanup initiated
2019-11-26 13:35:45.983 parsl.dataflow.dflow:750 [INFO]  Summary of tasks in DFK:
2019-11-26 13:35:45.983 parsl.dataflow.dflow:781 [INFO]  Tasks in state States.done: 0, 1, 2, 3, 4, 5, 6, 7, 8, 9
2019-11-26 13:35:45.984 parsl.dataflow.dflow:788 [INFO]  End of summary
2019-11-26 13:35:45.984 parsl.dataflow.dflow:888 [INFO]  Terminating flow_control and strategy threads
2019-11-26 13:35:45.985 parsl.executors.threads:96 [DEBUG]  Done with executor shutdown
2019-11-26 13:35:45.986 parsl.executors.threads:96 [DEBUG]  Done with executor shutdown
2019-11-26 13:35:45.986 parsl.dataflow.dflow:920 [INFO]  DFK cleanup complete
